Time resolution is 1 ps
El dato A es: 00000100b =    4d = 04h
El dato B es: 01111010b =  122d = 7ah
La operacion es: 00000011b =   3d = 03h
El resultado es: 00000000b =    0d = 00h 
----------------------------------------------------
El dato A es: 11001001b =  -55d = c9h
El dato B es: 00000110b =    6d = 06h
La operacion es: 00100110b =  38d = 26h
El resultado es: 11001111b =  -49d = cfh 
----------------------------------------------------
El dato A es: 11110000b =  -16d = f0h
El dato B es: 00001010b =   10d = 0ah
La operacion es: 00100010b =  34d = 22h
El resultado es: 11100110b =  -26d = e6h 
----------------------------------------------------
El dato A es: 11110011b =  -13d = f3h
El dato B es: 11010100b =  -44d = d4h
La operacion es: 00100101b =  37d = 25h
El resultado es: 11110111b =   -9d = f7h 
----------------------------------------------------
El dato A es: 01100110b =  102d = 66h
El dato B es: 11000100b =  -60d = c4h
La operacion es: 00100000b =  32d = 20h
El resultado es: 00101010b =   42d = 2ah 
----------------------------------------------------
El dato A es: 01010100b =   84d = 54h
El dato B es: 10110111b =  -73d = b7h
La operacion es: 00100110b =  38d = 26h
El resultado es: 11100011b =  -29d = e3h 
----------------------------------------------------
El dato A es: 01001001b =   73d = 49h
El dato B es: 00011110b =   30d = 1eh
La operacion es: 00100000b =  32d = 20h
El resultado es: 01100111b =  103d = 67h 
----------------------------------------------------
El dato A es: 01001000b =   72d = 48h
El dato B es: 01110010b =  114d = 72h
La operacion es: 00100000b =  32d = 20h
El resultado es: 10111010b =  -70d = bah 
----------------------------------------------------
El dato A es: 00011011b =   27d = 1bh
El dato B es: 10111011b =  -69d = bbh
La operacion es: 00100100b =  36d = 24h
El resultado es: 00011011b =   27d = 1bh 
----------------------------------------------------
El dato A es: 10110010b =  -78d = b2h
El dato B es: 00000011b =    3d = 03h
La operacion es: 00100000b =  32d = 20h
El resultado es: 10110101b =  -75d = b5h 
----------------------------------------------------
El dato A es: 00000001b =    1d = 01h
El dato B es: 00011110b =   30d = 1eh
La operacion es: 00100110b =  38d = 26h
El resultado es: 00011111b =   31d = 1fh 
----------------------------------------------------
El dato A es: 01101110b =  110d = 6eh
