
*** Running vivado
    with args -log top.vds -m64 -product Vivado -mode batch -messageDb vivado.pb -notrace -source top.tcl



****** Vivado v2025.1 (64-bit)
  **** SW Build 6140274 on Thu May 22 00:12:29 MDT 2025
  **** IP Build 6138677 on Thu May 22 03:10:11 MDT 2025
  **** SharedData Build 6139179 on Tue May 20 17:58:58 MDT 2025
  **** Start of session at: Mon Sep 15 23:11:01 2025
    ** Copyright 1986-2022 Xilinx, Inc. All Rights Reserved.
    ** Copyright 2022-2025 Advanced Micro Devices, Inc. All Rights Reserved.

source top.tcl -notrace
create_project: Time (s): cpu = 00:00:08 ; elapsed = 00:00:06 . Memory (MB): peak = 490.961 ; gain = 211.570
Command: read_checkpoint -auto_incremental -incremental C:/Users/Fabri/vivado_projects/TP1_ALU_v2/TP1_ALU/TP1_ALU.srcs/utils_1/imports/synth_1/top.dcp
INFO: [Vivado 12-5825] Read reference checkpoint from C:/Users/Fabri/vivado_projects/TP1_ALU_v2/TP1_ALU/TP1_ALU.srcs/utils_1/imports/synth_1/top.dcp for incremental synthesis
INFO: [Vivado 12-7989] Please ensure there are no constraint changes
Command: synth_design -top top -part xc7a35tcpg236-1
Starting synth_design
Attempting to get a license for feature 'Synthesis' and/or device 'xc7a35t'
INFO: [Common 17-349] Got license for feature 'Synthesis' and/or device 'xc7a35t'
INFO: [Designutils 20-5440] No compile time benefit to using incremental synthesis; A full resynthesis will be run
INFO: [Designutils 20-4379] Flow is switching to default flow due to incremental criteria not met. If you would like to alter this behaviour and have the flow terminate instead, please set the following parameter config_implementation {autoIncr.Synth.RejectBehavior Terminate}
INFO: [Synth 8-7079] Multithreading enabled for synth_design using a maximum of 2 processes.
INFO: [Synth 8-7078] Launching helper process for spawning children vivado processes
INFO: [Synth 8-7075] Helper process launched with PID 11260
---------------------------------------------------------------------------------
Starting Synthesize : Time (s): cpu = 00:00:07 ; elapsed = 00:00:09 . Memory (MB): peak = 999.883 ; gain = 496.344
---------------------------------------------------------------------------------
INFO: [Synth 8-6157] synthesizing module 'top' [C:/Users/Fabri/vivado_projects/TP1_ALU_v2/TP1_ALU/TP1_ALU.srcs/sources_1/new/top.v:3]
INFO: [Synth 8-6157] synthesizing module 'dataModule' [C:/Users/Fabri/vivado_projects/TP1_ALU_v2/TP1_ALU/TP1_ALU.srcs/sources_1/new/dataModule.v:3]
	Parameter NB_DATA bound to: 8 - type: integer 
INFO: [Synth 8-6155] done synthesizing module 'dataModule' (0#1) [C:/Users/Fabri/vivado_projects/TP1_ALU_v2/TP1_ALU/TP1_ALU.srcs/sources_1/new/dataModule.v:3]
INFO: [Synth 8-6157] synthesizing module 'dataModule__parameterized0' [C:/Users/Fabri/vivado_projects/TP1_ALU_v2/TP1_ALU/TP1_ALU.srcs/sources_1/new/dataModule.v:3]
	Parameter NB_DATA bound to: 6 - type: integer 
INFO: [Synth 8-6155] done synthesizing module 'dataModule__parameterized0' (0#1) [C:/Users/Fabri/vivado_projects/TP1_ALU_v2/TP1_ALU/TP1_ALU.srcs/sources_1/new/dataModule.v:3]
INFO: [Synth 8-6157] synthesizing module 'ALU' [C:/Users/Fabri/vivado_projects/TP1_ALU_v2/TP1_ALU/TP1_ALU.srcs/sources_1/new/ALU.v:3]
	Parameter NB_DATA bound to: 8 - type: integer 
	Parameter NB_OPCODE bound to: 6 - type: integer 
INFO: [Synth 8-6155] done synthesizing module 'ALU' (0#1) [C:/Users/Fabri/vivado_projects/TP1_ALU_v2/TP1_ALU/TP1_ALU.srcs/sources_1/new/ALU.v:3]
INFO: [Synth 8-6155] done synthesizing module 'top' (0#1) [C:/Users/Fabri/vivado_projects/TP1_ALU_v2/TP1_ALU/TP1_ALU.srcs/sources_1/new/top.v:3]
---------------------------------------------------------------------------------
Finished Synthesize : Time (s): cpu = 00:00:09 ; elapsed = 00:00:11 . Memory (MB): peak = 1106.621 ; gain = 603.082
---------------------------------------------------------------------------------
---------------------------------------------------------------------------------
Finished Constraint Validation : Time (s): cpu = 00:00:09 ; elapsed = 00:00:12 . Memory (MB): peak = 1106.621 ; gain = 603.082
---------------------------------------------------------------------------------
---------------------------------------------------------------------------------
Start Loading Part and Timing Information
---------------------------------------------------------------------------------
Loading part: xc7a35tcpg236-1
---------------------------------------------------------------------------------
INFO: [Device 21-403] Loading part xc7a35tcpg236-1
Finished Loading Part and Timing Information : Time (s): cpu = 00:00:09 ; elapsed = 00:00:12 . Memory (MB): peak = 1106.621 ; gain = 603.082
---------------------------------------------------------------------------------
---------------------------------------------------------------------------------
Finished RTL Optimization Phase 2 : Time (s): cpu = 00:00:10 ; elapsed = 00:00:12 . Memory (MB): peak = 1106.621 ; gain = 603.082
---------------------------------------------------------------------------------
No constraint files found.
---------------------------------------------------------------------------------
Start RTL Component Statistics 
---------------------------------------------------------------------------------
Detailed RTL Component Info : 
+---Adders : 
	   2 Input    9 Bit       Adders := 1     
	   3 Input    9 Bit       Adders := 1     
+---XORs : 
	   2 Input      9 Bit         XORs := 1     
+---Registers : 
	                8 Bit    Registers := 2     
	                6 Bit    Registers := 1     
---------------------------------------------------------------------------------
Finished RTL Component Statistics 
---------------------------------------------------------------------------------
---------------------------------------------------------------------------------
Start Part Resource Summary
---------------------------------------------------------------------------------
Part Resources:
DSPs: 90 (col length:60)
BRAMs: 100 (col length: RAMB18 60 RAMB36 30)
---------------------------------------------------------------------------------
Finished Part Resource Summary
---------------------------------------------------------------------------------
No constraint files found.
---------------------------------------------------------------------------------
Start Cross Boundary and Area Optimization
---------------------------------------------------------------------------------
WARNING: [Synth 8-7080] Parallel synthesis criteria is not met
---------------------------------------------------------------------------------
Finished Cross Boundary and Area Optimization : Time (s): cpu = 00:00:15 ; elapsed = 00:00:30 . Memory (MB): peak = 1297.324 ; gain = 793.785
---------------------------------------------------------------------------------
No constraint files found.
---------------------------------------------------------------------------------
Start Timing Optimization
---------------------------------------------------------------------------------
---------------------------------------------------------------------------------
Finished Timing Optimization : Time (s): cpu = 00:00:15 ; elapsed = 00:00:30 . Memory (MB): peak = 1304.859 ; gain = 801.320
---------------------------------------------------------------------------------
---------------------------------------------------------------------------------
Start Technology Mapping
---------------------------------------------------------------------------------
---------------------------------------------------------------------------------
Finished Technology Mapping : Time (s): cpu = 00:00:15 ; elapsed = 00:00:30 . Memory (MB): peak = 1304.859 ; gain = 801.320
---------------------------------------------------------------------------------
---------------------------------------------------------------------------------
Start IO Insertion
---------------------------------------------------------------------------------
---------------------------------------------------------------------------------
Start Flattening Before IO Insertion
---------------------------------------------------------------------------------
---------------------------------------------------------------------------------
Finished Flattening Before IO Insertion
---------------------------------------------------------------------------------
---------------------------------------------------------------------------------
Start Final Netlist Cleanup
---------------------------------------------------------------------------------
---------------------------------------------------------------------------------
Finished Final Netlist Cleanup
---------------------------------------------------------------------------------
---------------------------------------------------------------------------------
Finished IO Insertion : Time (s): cpu = 00:00:20 ; elapsed = 00:00:36 . Memory (MB): peak = 1519.332 ; gain = 1015.793
---------------------------------------------------------------------------------
---------------------------------------------------------------------------------
Start Renaming Generated Instances
---------------------------------------------------------------------------------
---------------------------------------------------------------------------------
Finished Renaming Generated Instances : Time (s): cpu = 00:00:20 ; elapsed = 00:00:36 . Memory (MB): peak = 1519.332 ; gain = 1015.793
---------------------------------------------------------------------------------
---------------------------------------------------------------------------------
Start Rebuilding User Hierarchy
---------------------------------------------------------------------------------
---------------------------------------------------------------------------------
Finished Rebuilding User Hierarchy : Time (s): cpu = 00:00:20 ; elapsed = 00:00:36 . Memory (MB): peak = 1519.332 ; gain = 1015.793
---------------------------------------------------------------------------------
---------------------------------------------------------------------------------
Start Renaming Generated Ports
---------------------------------------------------------------------------------
---------------------------------------------------------------------------------
Finished Renaming Generated Ports : Time (s): cpu = 00:00:20 ; elapsed = 00:00:36 . Memory (MB): peak = 1519.332 ; gain = 1015.793
---------------------------------------------------------------------------------
---------------------------------------------------------------------------------
Start Handling Custom Attributes
---------------------------------------------------------------------------------
---------------------------------------------------------------------------------
Finished Handling Custom Attributes : Time (s): cpu = 00:00:20 ; elapsed = 00:00:36 . Memory (MB): peak = 1519.332 ; gain = 1015.793
---------------------------------------------------------------------------------
---------------------------------------------------------------------------------
Start Renaming Generated Nets
---------------------------------------------------------------------------------
---------------------------------------------------------------------------------
Finished Renaming Generated Nets : Time (s): cpu = 00:00:20 ; elapsed = 00:00:36 . Memory (MB): peak = 1519.332 ; gain = 1015.793
---------------------------------------------------------------------------------
---------------------------------------------------------------------------------
Start Writing Synthesis Report
---------------------------------------------------------------------------------

Report BlackBoxes: 
+-+--------------+----------+
| |BlackBox name |Instances |
+-+--------------+----------+
+-+--------------+----------+

Report Cell Usage: 
+------+-------+------+
|      |Cell   |Count |
+------+-------+------+
|1     |BUFG   |     1|
|2     |CARRY4 |     6|
|3     |LUT2   |    16|
|4     |LUT4   |     4|
|5     |LUT5   |    35|
|6     |LUT6   |    32|
|7     |MUXF7  |    14|
|8     |FDRE   |    22|
|9     |IBUF   |    13|
|10    |OBUF   |    10|
+------+-------+------+

Report Instance Areas: 
+------+-----------+---------------------------+------+
|      |Instance   |Module                     |Cells |
+------+-----------+---------------------------+------+
|1     |top        |                           |   153|
|2     |  u_alu    |ALU                        |    11|
|3     |  u_dataA  |dataModule                 |    38|
|4     |  u_dataB  |dataModule_0               |    29|
|5     |  u_opcode |dataModule__parameterized0 |    51|
+------+-----------+---------------------------+------+
---------------------------------------------------------------------------------
Finished Writing Synthesis Report : Time (s): cpu = 00:00:20 ; elapsed = 00:00:36 . Memory (MB): peak = 1519.332 ; gain = 1015.793
---------------------------------------------------------------------------------
Synthesis finished with 0 errors, 0 critical warnings and 1 warnings.
Synthesis Optimization Runtime : Time (s): cpu = 00:00:20 ; elapsed = 00:00:36 . Memory (MB): peak = 1519.332 ; gain = 1015.793
Synthesis Optimization Complete : Time (s): cpu = 00:00:20 ; elapsed = 00:00:36 . Memory (MB): peak = 1519.332 ; gain = 1015.793
INFO: [Project 1-571] Translating synthesized netlist
Netlist sorting complete. Time (s): cpu = 00:00:00 ; elapsed = 00:00:00.003 . Memory (MB): peak = 1534.352 ; gain = 0.000
INFO: [Netlist 29-17] Analyzing 20 Unisim elements for replacement
INFO: [Netlist 29-28] Unisim Transformation completed in 0 CPU seconds
INFO: [Project 1-570] Preparing netlist for logic optimization
INFO: [Opt 31-138] Pushed 0 inverter(s) to 0 load pin(s).
Netlist sorting complete. Time (s): cpu = 00:00:00 ; elapsed = 00:00:00 . Memory (MB): peak = 1645.855 ; gain = 0.000
INFO: [Project 1-111] Unisim Transformation Summary:
No Unisim elements were transformed.

Synth Design complete | Checksum: 4e3d13e4
INFO: [Common 17-83] Releasing license: Synthesis
24 Infos, 1 Warnings, 0 Critical Warnings and 0 Errors encountered.
synth_design completed successfully
synth_design: Time (s): cpu = 00:00:23 ; elapsed = 00:00:45 . Memory (MB): peak = 1645.855 ; gain = 1149.305
Write ShapeDB Complete: Time (s): cpu = 00:00:00 ; elapsed = 00:00:00.001 . Memory (MB): peak = 1645.855 ; gain = 0.000
INFO: [Common 17-1381] The checkpoint 'C:/Users/Fabri/vivado_projects/TP1_ALU_v2/TP1_ALU/TP1_ALU.runs/synth_1/top.dcp' has been generated.
INFO: [Vivado 12-24828] Executing command : report_utilization -file top_utilization_synth.rpt -pb top_utilization_synth.pb
INFO: [Common 17-206] Exiting Vivado at Mon Sep 15 23:11:55 2025...
